# JRE version: OpenJDK Runtime Environment (17.0.6) (build 17.0.6+0-b2043.56-10027231)
# Java VM: OpenJDK 64-Bit Server VM (17.0.6+0-b2043.56-10027231, mixed mode, tiered, compressed oops, compressed class ptrs, g1 gc, windows-amd64)
GC Precious Log:
 CPUs: 8 total, 8 available
 Memory: 7926M
 Large Page Support: Disabled
 NUMA Support: Disabled
 Compressed Oops: Enabled (32-bit)
 Heap Region Size: 1M
 Heap Min Capacity: 8M
 Heap Initial Capacity: 124M
 Heap Max Capacity: 2G
 Pre-touch: Disabled
 Parallel Workers: 8
 Concurrent Workers: 2
 Concurrent Refinement Workers: 8
 Periodic GC: Disabled
Heap:
 garbage-first heap   total 270336K, used 211858K [0x0000000080000000, 0x0000000100000000)
  region size 1024K, 133 young (136192K), 3 survivors (3072K)
 Metaspace       used 94382K, committed 95104K, reserved 1130496K
  class space    used 12845K, committed 13184K, reserved 1048576K
GC Heap History (20 events):
Event: 16.030 GC heap before
{Heap before GC invocations=32 (full 0):
 garbage-first heap   total 106496K, used 84024K [0x0000000080000000, 0x0000000100000000)
  region size 1024K, 27 young (27648K), 1 survivors (1024K)
 Metaspace       used 80516K, committed 81152K, reserved 1122304K
  class space    used 10951K, committed 11264K, reserved 1048576K
}
Event: 16.038 GC heap after
{Heap after GC invocations=33 (full 0):
 garbage-first heap   total 106496K, used 60413K [0x0000000080000000, 0x0000000100000000)
  region size 1024K, 3 young (3072K), 3 survivors (3072K)
 Metaspace       used 80516K, committed 81152K, reserved 1122304K
  class space    used 10951K, committed 11264K, reserved 1048576K
}
Event: 16.975 GC heap before
{Heap before GC invocations=34 (full 0):
 garbage-first heap   total 109568K, used 84989K [0x0000000080000000, 0x0000000100000000)
  region size 1024K, 28 young (28672K), 3 survivors (3072K)
 Metaspace       used 82947K, committed 83520K, reserved 1122304K
  class space    used 11308K, committed 11584K, reserved 1048576K
}
Event: 16.984 GC heap after
{Heap after GC invocations=35 (full 0):
 garbage-first heap   total 109568K, used 62059K [0x0000000080000000, 0x0000000100000000)
  region size 1024K, 2 young (2048K), 2 survivors (2048K)
 Metaspace       used 82947K, committed 83520K, reserved 1122304K
  class space    used 11308K, committed 11584K, reserved 1048576K
}
Event: 17.110 GC heap before
{Heap before GC invocations=35 (full 0):
 garbage-first heap   total 109568K, used 65131K [0x0000000080000000, 0x0000000100000000)
  region size 1024K, 5 young (5120K), 2 survivors (2048K)
 Metaspace       used 83441K, committed 84032K, reserved 1122304K
  class space    used 11385K, committed 11648K, reserved 1048576K
}
Event: 17.119 GC heap after
{Heap after GC invocations=36 (full 0):
 garbage-first heap   total 132096K, used 61754K [0x0000000080000000, 0x0000000100000000)
  region size 1024K, 1 young (1024K), 1 survivors (1024K)
 Metaspace       used 83441K, committed 84032K, reserved 1122304K
  class space    used 11385K, committed 11648K, reserved 1048576K
}
Event: 20.107 GC heap before
{Heap before GC invocations=36 (full 0):
 garbage-first heap   total 132096K, used 103738K [0x0000000080000000, 0x0000000100000000)
  region size 1024K, 42 young (43008K), 1 survivors (1024K)
 Metaspace       used 87787K, committed 88448K, reserved 1130496K
  class space    used 11995K, committed 12288K, reserved 1048576K
}
Event: 20.118 GC heap after
{Heap after GC invocations=37 (full 0):
 garbage-first heap   total 132096K, used 65428K [0x0000000080000000, 0x0000000100000000)
  region size 1024K, 4 young (4096K), 4 survivors (4096K)
 Metaspace       used 87787K, committed 88448K, reserved 1130496K
  class space    used 11995K, committed 12288K, reserved 1048576K
}
Event: 21.427 GC heap before
{Heap before GC invocations=38 (full 0):
 garbage-first heap   total 132096K, used 106388K [0x0000000080000000, 0x0000000100000000)
  region size 1024K, 44 young (45056K), 4 survivors (4096K)
 Metaspace       used 88114K, committed 88768K, reserved 1130496K
  class space    used 12031K, committed 12352K, reserved 1048576K
}
Event: 21.441 GC heap after
{Heap after GC invocations=39 (full 0):
 garbage-first heap   total 132096K, used 71845K [0x0000000080000000, 0x0000000100000000)
  region size 1024K, 6 young (6144K), 6 survivors (6144K)
 Metaspace       used 88114K, committed 88768K, reserved 1130496K
  class space    used 12031K, committed 12352K, reserved 1048576K
}
Event: 21.568 GC heap before
{Heap before GC invocations=39 (full 0):
 garbage-first heap   total 132096K, used 72869K [0x0000000080000000, 0x0000000100000000)
  region size 1024K, 7 young (7168K), 6 survivors (6144K)
 Metaspace       used 88292K, committed 88896K, reserved 1130496K
  class space    used 12067K, committed 12352K, reserved 1048576K
}
Event: 21.587 GC heap after
{Heap after GC invocations=40 (full 0):
 garbage-first heap   total 132096K, used 72683K [0x0000000080000000, 0x0000000100000000)
  region size 1024K, 1 young (1024K), 1 survivors (1024K)
 Metaspace       used 88292K, committed 88896K, reserved 1130496K
  class space    used 12067K, committed 12352K, reserved 1048576K
}
Event: 22.912 GC heap before
{Heap before GC invocations=40 (full 0):
 garbage-first heap   total 132096K, used 106475K [0x0000000080000000, 0x0000000100000000)
  region size 1024K, 34 young (34816K), 1 survivors (1024K)
 Metaspace       used 89933K, committed 90624K, reserved 1130496K
  class space    used 12397K, committed 12736K, reserved 1048576K
}
Event: 22.920 GC heap after
{Heap after GC invocations=41 (full 0):
 garbage-first heap   total 132096K, used 75823K [0x0000000080000000, 0x0000000100000000)
  region size 1024K, 5 young (5120K), 5 survivors (5120K)
 Metaspace       used 89933K, committed 90624K, reserved 1130496K
  class space    used 12397K, committed 12736K, reserved 1048576K
}
Event: 24.360 GC heap before
{Heap before GC invocations=42 (full 0):
 garbage-first heap   total 135168K, used 104495K [0x0000000080000000, 0x0000000100000000)
  region size 1024K, 34 young (34816K), 5 survivors (5120K)
 Metaspace       used 90178K, committed 90880K, reserved 1130496K
  class space    used 12402K, committed 12736K, reserved 1048576K
}
Event: 24.371 GC heap after
{Heap after GC invocations=43 (full 0):
 garbage-first heap   total 135168K, used 78170K [0x0000000080000000, 0x0000000100000000)
  region size 1024K, 4 young (4096K), 4 survivors (4096K)
 Metaspace       used 90178K, committed 90880K, reserved 1130496K
  class space    used 12402K, committed 12736K, reserved 1048576K
}
Event: 24.414 GC heap before
{Heap before GC invocations=43 (full 0):
 garbage-first heap   total 135168K, used 80218K [0x0000000080000000, 0x0000000100000000)
  region size 1024K, 6 young (6144K), 4 survivors (4096K)
 Metaspace       used 90188K, committed 90880K, reserved 1130496K
  class space    used 12402K, committed 12736K, reserved 1048576K
}
Event: 24.422 GC heap after
{Heap after GC invocations=44 (full 0):
 garbage-first heap   total 135168K, used 77749K [0x0000000080000000, 0x0000000100000000)
  region size 1024K, 1 young (1024K), 1 survivors (1024K)
 Metaspace       used 90188K, committed 90880K, reserved 1130496K
  class space    used 12402K, committed 12736K, reserved 1048576K
}
Event: 25.399 GC heap before
{Heap before GC invocations=44 (full 0):
 garbage-first heap   total 135168K, used 108469K [0x0000000080000000, 0x0000000100000000)
  region size 1024K, 32 young (32768K), 1 survivors (1024K)
 Metaspace       used 90581K, committed 91264K, reserved 1130496K
  class space    used 12434K, committed 12736K, reserved 1048576K
}
Event: 25.407 GC heap after
{Heap after GC invocations=45 (full 0):
 garbage-first heap   total 270336K, used 79762K [0x0000000080000000, 0x0000000100000000)
  region size 1024K, 3 young (3072K), 3 survivors (3072K)
 Metaspace       used 90581K, committed 91264K, reserved 1130496K
  class space    used 12434K, committed 12736K, reserved 1048576K
}

